mode: set
github.com/bbrighter/dreams-api/controller/categories.go:23.36,27.2 3 1
github.com/bbrighter/dreams-api/controller/categories.go:36.34,38.16 2 1
github.com/bbrighter/dreams-api/controller/categories.go:38.16,41.3 2 1
github.com/bbrighter/dreams-api/controller/categories.go:42.2,43.24 2 1
github.com/bbrighter/dreams-api/controller/categories.go:43.24,46.3 2 1
github.com/bbrighter/dreams-api/controller/categories.go:48.2,50.26 3 1
github.com/bbrighter/dreams-api/controller/categories.go:50.26,53.3 2 1
github.com/bbrighter/dreams-api/controller/categories.go:54.2,54.67 1 1
github.com/bbrighter/dreams-api/controller/categories.go:63.37,65.16 2 1
github.com/bbrighter/dreams-api/controller/categories.go:65.16,68.3 2 1
github.com/bbrighter/dreams-api/controller/categories.go:69.2,70.16 2 1
github.com/bbrighter/dreams-api/controller/categories.go:70.16,73.3 2 1
github.com/bbrighter/dreams-api/controller/categories.go:75.2,77.26 3 1
github.com/bbrighter/dreams-api/controller/categories.go:77.26,80.3 2 1
github.com/bbrighter/dreams-api/controller/categories.go:81.2,81.67 1 1
github.com/bbrighter/dreams-api/controller/controller.go:19.49,21.2 1 1
github.com/bbrighter/dreams-api/controller/controller.go:23.46,57.2 27 1
github.com/bbrighter/dreams-api/controller/dreams.go:34.32,39.2 4 1
github.com/bbrighter/dreams-api/controller/dreams.go:53.34,56.42 3 1
github.com/bbrighter/dreams-api/controller/dreams.go:56.42,59.3 2 1
github.com/bbrighter/dreams-api/controller/dreams.go:60.2,60.24 1 1
github.com/bbrighter/dreams-api/controller/dreams.go:60.24,63.3 2 1
github.com/bbrighter/dreams-api/controller/dreams.go:64.2,65.32 2 1
github.com/bbrighter/dreams-api/controller/dreams.go:75.34,77.42 2 1
github.com/bbrighter/dreams-api/controller/dreams.go:77.42,80.3 2 1
github.com/bbrighter/dreams-api/controller/dreams.go:81.2,84.16 3 1
github.com/bbrighter/dreams-api/controller/dreams.go:84.16,87.3 2 1
github.com/bbrighter/dreams-api/controller/dreams.go:88.2,92.40 4 1
github.com/bbrighter/dreams-api/controller/dreams.go:92.40,95.3 2 1
github.com/bbrighter/dreams-api/controller/dreams.go:96.2,96.25 1 1
github.com/bbrighter/dreams-api/controller/dreams.go:105.31,107.2 1 1
github.com/bbrighter/dreams-api/controller/dreams.go:114.34,116.16 2 1
github.com/bbrighter/dreams-api/controller/dreams.go:116.16,119.3 2 1
github.com/bbrighter/dreams-api/controller/dreams.go:120.2,122.26 3 1
github.com/bbrighter/dreams-api/controller/dreams.go:122.26,125.3 2 1
github.com/bbrighter/dreams-api/controller/dreams.go:126.2,126.25 1 1
github.com/bbrighter/dreams-api/controller/dreams.go:136.39,141.2 4 1
github.com/bbrighter/dreams-api/controller/dreams.go:151.38,153.2 1 0
github.com/bbrighter/dreams-api/controller/dreams.go:163.41,165.16 2 1
github.com/bbrighter/dreams-api/controller/dreams.go:165.16,168.3 2 1
github.com/bbrighter/dreams-api/controller/dreams.go:169.2,171.40 3 1
github.com/bbrighter/dreams-api/controller/dreams.go:171.40,174.3 2 1
github.com/bbrighter/dreams-api/controller/dreams.go:175.2,175.32 1 1
github.com/bbrighter/dreams-api/controller/dreams.go:178.50,180.16 2 1
github.com/bbrighter/dreams-api/controller/dreams.go:180.16,183.3 2 1
github.com/bbrighter/dreams-api/controller/dreams.go:184.2,187.26 3 1
github.com/bbrighter/dreams-api/controller/dreams.go:187.26,190.3 2 1
github.com/bbrighter/dreams-api/controller/dreams.go:191.2,191.52 1 1
github.com/bbrighter/dreams-api/controller/dto.go:9.68,11.29 2 1
github.com/bbrighter/dreams-api/controller/dto.go:11.29,13.3 1 1
github.com/bbrighter/dreams-api/controller/dto.go:14.2,17.3 1 1
github.com/bbrighter/dreams-api/controller/dto.go:20.68,25.2 1 1
github.com/bbrighter/dreams-api/controller/dto.go:27.76,29.29 2 1
github.com/bbrighter/dreams-api/controller/dto.go:29.29,31.3 1 1
github.com/bbrighter/dreams-api/controller/dto.go:32.2,32.51 1 1
github.com/bbrighter/dreams-api/controller/dto.go:35.60,40.2 1 1
github.com/bbrighter/dreams-api/controller/dto.go:42.65,44.27 2 1
github.com/bbrighter/dreams-api/controller/dto.go:44.27,46.3 1 1
github.com/bbrighter/dreams-api/controller/dto.go:47.2,47.42 1 1
github.com/bbrighter/dreams-api/controller/dto.go:50.64,56.2 1 1
github.com/bbrighter/dreams-api/controller/dto.go:58.56,61.40 3 1
github.com/bbrighter/dreams-api/controller/dto.go:61.40,63.3 1 1
github.com/bbrighter/dreams-api/controller/dto.go:64.2,65.35 2 1
github.com/bbrighter/dreams-api/controller/dto.go:65.35,67.3 1 1
github.com/bbrighter/dreams-api/controller/dto.go:68.2,73.3 1 1
github.com/bbrighter/dreams-api/controller/dto.go:76.66,78.27 2 1
github.com/bbrighter/dreams-api/controller/dto.go:78.27,81.3 2 1
github.com/bbrighter/dreams-api/controller/dto.go:82.2,82.41 1 1
github.com/bbrighter/dreams-api/controller/dto.go:85.50,87.26 2 1
github.com/bbrighter/dreams-api/controller/dto.go:87.26,93.3 2 1
github.com/bbrighter/dreams-api/controller/dto.go:94.2,94.15 1 1
github.com/bbrighter/dreams-api/controller/errorMessages.go:5.48,7.2 1 1
github.com/bbrighter/dreams-api/controller/middleware.go:11.49,14.30 2 1
github.com/bbrighter/dreams-api/controller/middleware.go:14.30,16.28 2 1
github.com/bbrighter/dreams-api/controller/middleware.go:16.28,18.4 1 1
github.com/bbrighter/dreams-api/controller/middleware.go:19.3,19.11 1 1
github.com/bbrighter/dreams-api/controller/middleware.go:23.58,24.30 1 1
github.com/bbrighter/dreams-api/controller/middleware.go:24.30,26.3 1 1
github.com/bbrighter/dreams-api/controller/middleware.go:29.40,32.2 2 1
github.com/bbrighter/dreams-api/controller/middleware.go:34.39,35.30 1 1
github.com/bbrighter/dreams-api/controller/middleware.go:35.30,43.36 7 1
github.com/bbrighter/dreams-api/controller/middleware.go:43.36,46.4 2 0
github.com/bbrighter/dreams-api/controller/middleware.go:47.3,47.11 1 1
github.com/bbrighter/dreams-api/controller/parseParameters.go:10.69,13.16 3 1
github.com/bbrighter/dreams-api/controller/parseParameters.go:13.16,15.3 1 1
github.com/bbrighter/dreams-api/controller/parseParameters.go:16.2,16.16 1 1
github.com/bbrighter/dreams-api/controller/parseParameters.go:19.83,21.15 2 1
github.com/bbrighter/dreams-api/controller/parseParameters.go:21.15,24.3 1 1
github.com/bbrighter/dreams-api/controller/parseParameters.go:25.2,25.17 1 1
github.com/bbrighter/dreams-api/controller/parseParameters.go:28.43,30.16 2 1
github.com/bbrighter/dreams-api/controller/parseParameters.go:30.16,32.3 1 1
github.com/bbrighter/dreams-api/controller/parseParameters.go:33.2,33.22 1 1
github.com/bbrighter/dreams-api/controller/persons.go:22.33,26.28 4 1
github.com/bbrighter/dreams-api/controller/persons.go:26.28,28.3 1 1
github.com/bbrighter/dreams-api/controller/persons.go:29.2,29.36 1 1
github.com/bbrighter/dreams-api/controller/persons.go:39.39,41.16 2 1
github.com/bbrighter/dreams-api/controller/persons.go:41.16,44.3 2 1
github.com/bbrighter/dreams-api/controller/persons.go:45.2,46.16 2 1
github.com/bbrighter/dreams-api/controller/persons.go:46.16,49.3 2 1
github.com/bbrighter/dreams-api/controller/persons.go:51.2,53.26 3 1
github.com/bbrighter/dreams-api/controller/persons.go:53.26,56.3 2 1
github.com/bbrighter/dreams-api/controller/persons.go:57.2,57.27 1 1
github.com/bbrighter/dreams-api/controller/persons.go:66.44,68.16 2 1
github.com/bbrighter/dreams-api/controller/persons.go:68.16,71.3 2 0
github.com/bbrighter/dreams-api/controller/persons.go:72.2,73.16 2 1
github.com/bbrighter/dreams-api/controller/persons.go:73.16,76.3 2 0
github.com/bbrighter/dreams-api/controller/persons.go:78.2,80.26 3 1
github.com/bbrighter/dreams-api/controller/persons.go:80.26,83.3 2 1
github.com/bbrighter/dreams-api/controller/persons.go:84.2,84.58 1 1
github.com/bbrighter/dreams-api/controller/statistics.go:23.41,31.2 7 1
github.com/bbrighter/dreams-api/controller/testHelper.go:16.67,22.2 4 1
github.com/bbrighter/dreams-api/controller/testHelper.go:24.110,28.37 4 1
github.com/bbrighter/dreams-api/controller/testHelper.go:28.37,30.3 1 1
github.com/bbrighter/dreams-api/controller/testHelper.go:31.2,32.34 2 1
github.com/bbrighter/dreams-api/controller/testHelper.go:32.34,34.3 1 1
github.com/bbrighter/dreams-api/controller/testHelper.go:35.2,35.40 1 1
github.com/bbrighter/dreams-api/controller/testHelper.go:38.47,41.2 2 1
github.com/bbrighter/dreams-api/controller/testHelper.go:49.7,51.17 2 1
github.com/bbrighter/dreams-api/controller/testHelper.go:51.17,54.3 2 1
github.com/bbrighter/dreams-api/controller/testHelper.go:55.2,57.19 2 1
github.com/bbrighter/dreams-api/controller/testHelper.go:57.19,58.35 1 1
github.com/bbrighter/dreams-api/controller/testHelper.go:58.35,60.4 1 1
github.com/bbrighter/dreams-api/controller/testHelper.go:63.2,65.35 3 1
github.com/bbrighter/dreams-api/store/categories.go:9.45,13.2 3 1
github.com/bbrighter/dreams-api/store/categories.go:15.92,17.75 2 1
github.com/bbrighter/dreams-api/store/categories.go:17.75,19.3 1 1
github.com/bbrighter/dreams-api/store/categories.go:21.2,27.24 6 1
github.com/bbrighter/dreams-api/store/categories.go:30.93,34.75 3 1
github.com/bbrighter/dreams-api/store/categories.go:34.75,36.3 1 1
github.com/bbrighter/dreams-api/store/categories.go:37.2,38.78 2 1
github.com/bbrighter/dreams-api/store/categories.go:38.78,40.3 1 1
github.com/bbrighter/dreams-api/store/categories.go:42.2,45.24 3 1
github.com/bbrighter/dreams-api/store/categories.go:48.77,49.38 1 1
github.com/bbrighter/dreams-api/store/categories.go:49.38,52.36 3 1
github.com/bbrighter/dreams-api/store/categories.go:52.36,54.4 1 1
github.com/bbrighter/dreams-api/store/categories.go:56.2,57.19 2 1
github.com/bbrighter/dreams-api/store/dreams.go:18.51,21.33 3 1
github.com/bbrighter/dreams-api/store/dreams.go:21.33,24.3 2 1
github.com/bbrighter/dreams-api/store/dreams.go:25.2,26.15 2 1
github.com/bbrighter/dreams-api/store/dreams.go:29.66,32.33 3 1
github.com/bbrighter/dreams-api/store/dreams.go:32.33,35.3 2 1
github.com/bbrighter/dreams-api/store/dreams.go:36.2,36.40 1 1
github.com/bbrighter/dreams-api/store/dreams.go:36.40,38.3 1 1
github.com/bbrighter/dreams-api/store/dreams.go:39.2,39.24 1 1
github.com/bbrighter/dreams-api/store/dreams.go:42.57,43.53 1 1
github.com/bbrighter/dreams-api/store/dreams.go:43.53,45.3 1 0
github.com/bbrighter/dreams-api/store/dreams.go:46.2,46.22 1 1
github.com/bbrighter/dreams-api/store/dreams.go:49.49,51.26 2 1
github.com/bbrighter/dreams-api/store/dreams.go:51.26,53.3 1 1
github.com/bbrighter/dreams-api/store/dreams.go:54.2,54.17 1 1
github.com/bbrighter/dreams-api/store/dreams.go:57.60,59.75 2 1
github.com/bbrighter/dreams-api/store/dreams.go:59.75,61.3 1 0
github.com/bbrighter/dreams-api/store/dreams.go:62.2,63.26 2 1
github.com/bbrighter/dreams-api/store/dreams.go:63.26,65.3 1 1
github.com/bbrighter/dreams-api/store/dreams.go:66.2,66.80 1 1
github.com/bbrighter/dreams-api/store/dreams.go:66.80,68.3 1 0
github.com/bbrighter/dreams-api/store/dreams.go:69.2,69.22 1 1
github.com/bbrighter/dreams-api/store/dreams.go:72.45,75.48 2 1
github.com/bbrighter/dreams-api/store/dreams.go:75.48,77.3 1 1
github.com/bbrighter/dreams-api/store/dreams.go:78.2,81.12 3 1
github.com/bbrighter/dreams-api/store/migration.go:22.36,39.4 3 1
github.com/bbrighter/dreams-api/store/migration.go:40.37,41.60 1 0
github.com/bbrighter/dreams-api/store/migration.go:41.60,43.5 1 0
github.com/bbrighter/dreams-api/store/migration.go:44.4,44.58 1 0
github.com/bbrighter/dreams-api/store/migration.go:44.58,46.5 1 0
github.com/bbrighter/dreams-api/store/migration.go:47.4,47.14 1 0
github.com/bbrighter/dreams-api/store/migration.go:52.36,64.57 3 1
github.com/bbrighter/dreams-api/store/migration.go:64.57,66.5 1 0
github.com/bbrighter/dreams-api/store/migration.go:67.4,70.5 1 1
github.com/bbrighter/dreams-api/store/migration.go:72.37,78.58 2 0
github.com/bbrighter/dreams-api/store/migration.go:78.58,80.5 1 0
github.com/bbrighter/dreams-api/store/migration.go:81.4,81.48 1 0
github.com/bbrighter/dreams-api/store/migration.go:81.48,83.5 1 0
github.com/bbrighter/dreams-api/store/migration.go:84.4,84.65 1 0
github.com/bbrighter/dreams-api/store/migration.go:84.65,86.5 1 0
github.com/bbrighter/dreams-api/store/migration.go:87.4,87.14 1 0
github.com/bbrighter/dreams-api/store/migration.go:92.36,111.4 4 1
github.com/bbrighter/dreams-api/store/migration.go:112.37,113.67 1 0
github.com/bbrighter/dreams-api/store/migration.go:113.67,115.5 1 0
github.com/bbrighter/dreams-api/store/migration.go:116.4,116.60 1 0
github.com/bbrighter/dreams-api/store/migration.go:116.60,118.5 1 0
github.com/bbrighter/dreams-api/store/migration.go:119.4,119.14 1 0
github.com/bbrighter/dreams-api/store/migration.go:124.36,130.78 2 1
github.com/bbrighter/dreams-api/store/migration.go:130.78,132.5 1 0
github.com/bbrighter/dreams-api/store/migration.go:133.4,133.74 1 1
github.com/bbrighter/dreams-api/store/migration.go:133.74,135.5 1 0
github.com/bbrighter/dreams-api/store/migration.go:136.4,136.88 1 1
github.com/bbrighter/dreams-api/store/migration.go:136.88,138.5 1 0
github.com/bbrighter/dreams-api/store/migration.go:139.4,142.98 2 1
github.com/bbrighter/dreams-api/store/migration.go:142.98,144.5 1 0
github.com/bbrighter/dreams-api/store/migration.go:145.4,145.14 1 1
github.com/bbrighter/dreams-api/store/migration.go:147.37,153.83 2 0
github.com/bbrighter/dreams-api/store/migration.go:153.83,155.5 1 0
github.com/bbrighter/dreams-api/store/migration.go:156.4,156.74 1 0
github.com/bbrighter/dreams-api/store/migration.go:156.74,158.5 1 0
github.com/bbrighter/dreams-api/store/migration.go:159.4,159.88 1 0
github.com/bbrighter/dreams-api/store/migration.go:159.88,161.5 1 0
github.com/bbrighter/dreams-api/store/migration.go:162.4,165.92 2 0
github.com/bbrighter/dreams-api/store/migration.go:165.92,167.5 1 0
github.com/bbrighter/dreams-api/store/migration.go:168.4,168.14 1 0
github.com/bbrighter/dreams-api/store/migration.go:173.36,183.4 2 1
github.com/bbrighter/dreams-api/store/migration.go:184.37,194.4 2 0
github.com/bbrighter/dreams-api/store/migration.go:198.59,200.2 1 1
github.com/bbrighter/dreams-api/store/migration.go:202.33,204.36 2 1
github.com/bbrighter/dreams-api/store/migration.go:204.36,207.3 2 0
github.com/bbrighter/dreams-api/store/migration.go:208.2,209.12 2 1
github.com/bbrighter/dreams-api/store/migration.go:212.55,214.49 2 0
github.com/bbrighter/dreams-api/store/migration.go:214.49,217.3 2 0
github.com/bbrighter/dreams-api/store/migration.go:218.2,219.12 2 0
github.com/bbrighter/dreams-api/store/migration.go:222.32,224.41 2 0
github.com/bbrighter/dreams-api/store/migration.go:224.41,227.3 2 0
github.com/bbrighter/dreams-api/store/migration.go:228.2,229.12 2 0
github.com/bbrighter/dreams-api/store/persons.go:9.43,13.2 3 1
github.com/bbrighter/dreams-api/store/persons.go:15.76,17.75 2 1
github.com/bbrighter/dreams-api/store/persons.go:17.75,19.3 1 1
github.com/bbrighter/dreams-api/store/persons.go:21.2,25.23 4 1
github.com/bbrighter/dreams-api/store/persons.go:28.87,31.75 3 1
github.com/bbrighter/dreams-api/store/persons.go:31.75,33.3 1 0
github.com/bbrighter/dreams-api/store/persons.go:34.2,35.76 2 1
github.com/bbrighter/dreams-api/store/persons.go:35.76,37.3 1 1
github.com/bbrighter/dreams-api/store/persons.go:39.2,39.84 1 1
github.com/bbrighter/dreams-api/store/persons.go:39.84,41.3 1 0
github.com/bbrighter/dreams-api/store/persons.go:43.2,45.33 3 1
github.com/bbrighter/dreams-api/store/persons.go:45.33,46.58 1 1
github.com/bbrighter/dreams-api/store/persons.go:46.58,48.4 1 0
github.com/bbrighter/dreams-api/store/persons.go:50.2,52.21 2 1
github.com/bbrighter/dreams-api/store/repo.go:12.35,15.2 2 1
github.com/bbrighter/dreams-api/store/repo.go:17.43,20.2 2 1
github.com/bbrighter/dreams-api/store/statistics.go:8.56,10.14 2 1
github.com/bbrighter/dreams-api/store/statistics.go:10.14,13.3 2 1
github.com/bbrighter/dreams-api/store/statistics.go:14.2,18.31 4 1
github.com/bbrighter/dreams-api/store/statistics.go:18.31,19.40 1 1
github.com/bbrighter/dreams-api/store/statistics.go:19.40,21.14 2 1
github.com/bbrighter/dreams-api/store/statistics.go:21.14,23.5 1 0
github.com/bbrighter/dreams-api/store/statistics.go:23.10,25.5 1 1
github.com/bbrighter/dreams-api/store/statistics.go:29.2,30.36 2 1
github.com/bbrighter/dreams-api/store/statistics.go:30.36,33.3 2 1
github.com/bbrighter/dreams-api/store/statistics.go:35.2,35.22 1 1
github.com/bbrighter/dreams-api/store/statistics.go:38.53,40.14 2 1
github.com/bbrighter/dreams-api/store/statistics.go:40.14,43.3 2 1
github.com/bbrighter/dreams-api/store/statistics.go:44.2,48.31 4 1
github.com/bbrighter/dreams-api/store/statistics.go:48.31,49.37 1 1
github.com/bbrighter/dreams-api/store/statistics.go:49.37,51.14 2 1
github.com/bbrighter/dreams-api/store/statistics.go:51.14,53.5 1 0
github.com/bbrighter/dreams-api/store/statistics.go:53.10,56.5 2 1
github.com/bbrighter/dreams-api/store/statistics.go:61.2,61.22 1 1
github.com/bbrighter/dreams-api/store/statistics.go:64.62,65.28 1 1
github.com/bbrighter/dreams-api/store/statistics.go:65.28,66.17 1 1
github.com/bbrighter/dreams-api/store/statistics.go:66.17,68.4 1 0
github.com/bbrighter/dreams-api/store/statistics.go:70.2,70.18 1 1
github.com/bbrighter/dreams-api/store/testHelper.go:12.26,14.2 1 1
github.com/bbrighter/dreams-api/store/testHelper.go:16.57,21.36 4 1
github.com/bbrighter/dreams-api/store/testHelper.go:21.36,28.36 3 1
github.com/bbrighter/dreams-api/store/testHelper.go:28.36,31.4 2 1
github.com/bbrighter/dreams-api/store/testHelper.go:32.3,37.37 2 1
github.com/bbrighter/dreams-api/store/testHelper.go:37.37,40.4 2 1
github.com/bbrighter/dreams-api/store/testHelper.go:42.2,42.26 1 1
github.com/bbrighter/dreams-api/store/testHelper.go:45.101,48.29 3 1
github.com/bbrighter/dreams-api/store/testHelper.go:48.29,52.3 3 1
github.com/bbrighter/dreams-api/store/testHelper.go:53.2,55.26 3 1
github.com/bbrighter/dreams-api/store/testHelper.go:55.26,59.3 3 1
github.com/bbrighter/dreams-api/store/testHelper.go:60.2,71.14 5 1
github.com/bbrighter/dreams-api/store/testHelper.go:74.48,80.2 5 1
github.com/bbrighter/dreams-api/store/testHelper.go:82.55,88.2 4 0
github.com/bbrighter/dreams-api/store/testHelper.go:90.37,100.2 8 1
